2024-11-12 02:02:36,289 - aiokafka.consumer.subscription_state - INFO - Updating subscribed topics to: frozenset({'topic_example'})
2024-11-12 02:02:36,296 - aiokafka - ERROR - Unable connect to "kafka:9092": [Errno 111] Connect call failed ('172.25.0.3', 9092)
2024-11-12 02:02:36,302 - asyncio - ERROR - Unclosed AIOKafkaConsumer
consumer: <aiokafka.consumer.consumer.AIOKafkaConsumer object at 0xffffa5b183d0>
2024-11-12 02:02:36,720 - aiokafka.consumer.subscription_state - INFO - Updating subscribed topics to: frozenset({'topic_example'})
2024-11-12 02:02:36,727 - aiokafka - ERROR - Unable connect to "kafka:9092": [Errno 111] Connect call failed ('172.25.0.3', 9092)
2024-11-12 02:02:36,732 - asyncio - ERROR - Unclosed AIOKafkaConsumer
consumer: <aiokafka.consumer.consumer.AIOKafkaConsumer object at 0xffffa78f83d0>
2024-11-12 02:02:37,415 - aiokafka.consumer.subscription_state - INFO - Updating subscribed topics to: frozenset({'topic_example'})
2024-11-12 02:02:37,423 - aiokafka - ERROR - Unable connect to "kafka:9092": [Errno 111] Connect call failed ('172.25.0.3', 9092)
2024-11-12 02:02:37,440 - asyncio - ERROR - Unclosed AIOKafkaConsumer
consumer: <aiokafka.consumer.consumer.AIOKafkaConsumer object at 0xffff9af583d0>
2024-11-12 02:02:38,204 - aiokafka.consumer.subscription_state - INFO - Updating subscribed topics to: frozenset({'topic_example'})
2024-11-12 02:02:38,215 - aiokafka - ERROR - Unable connect to "kafka:9092": [Errno 111] Connect call failed ('172.25.0.3', 9092)
2024-11-12 02:02:38,221 - asyncio - ERROR - Unclosed AIOKafkaConsumer
consumer: <aiokafka.consumer.consumer.AIOKafkaConsumer object at 0xffff7e0183d0>
2024-11-12 02:02:39,397 - aiokafka.consumer.subscription_state - INFO - Updating subscribed topics to: frozenset({'topic_example'})
2024-11-12 02:02:39,569 - aiokafka.cluster - WARNING - No broker metadata found in MetadataResponse -- ignoring.
2024-11-12 02:02:39,596 - aiokafka.cluster - WARNING - Topic topic_example is not available during auto-create initialization
2024-11-12 02:02:39,709 - aiokafka.consumer.group_coordinator - ERROR - Group Coordinator Request failed: [Error 15] GroupCoordinatorNotAvailableError
2024-11-12 02:02:39,814 - aiokafka.consumer.group_coordinator - ERROR - Group Coordinator Request failed: [Error 15] GroupCoordinatorNotAvailableError
2024-11-12 02:02:39,918 - aiokafka.consumer.group_coordinator - ERROR - Group Coordinator Request failed: [Error 15] GroupCoordinatorNotAvailableError
2024-11-12 02:02:40,021 - aiokafka.consumer.group_coordinator - ERROR - Group Coordinator Request failed: [Error 15] GroupCoordinatorNotAvailableError
2024-11-12 02:02:40,129 - aiokafka.consumer.group_coordinator - INFO - Discovered coordinator 1 for group group
2024-11-12 02:02:40,129 - aiokafka.consumer.group_coordinator - INFO - Revoking previously assigned partitions set() for group group
2024-11-12 02:02:40,129 - aiokafka.consumer.group_coordinator - INFO - (Re-)joining group group
2024-11-12 02:02:43,170 - aiokafka.consumer.group_coordinator - INFO - Joined group 'group' (generation 1) with member_id aiokafka-0.12.0-75ec980f-e875-43cb-ad67-bb013b3c2429
2024-11-12 02:02:43,171 - aiokafka.consumer.group_coordinator - INFO - Elected group leader -- performing partition assignments using roundrobin
2024-11-12 02:02:43,194 - aiokafka.consumer.group_coordinator - INFO - Successfully synced group group with generation 1
2024-11-12 02:02:43,194 - aiokafka.consumer.group_coordinator - INFO - Setting newly assigned partitions {TopicPartition(topic='topic_example', partition=0)} for group group
2024-11-12 02:02:43,220 - root - INFO - get: Это цифра 0, 02:02:43.220064
2024-11-12 02:02:43,220 - root - INFO - get: Это цифра 1, 02:02:43.220433
2024-11-12 02:02:44,204 - root - INFO - get: Это цифра 2, 02:02:44.203981
2024-11-12 02:02:46,218 - root - INFO - get: Это цифра 3, 02:02:46.218070
2024-11-12 02:02:48,220 - root - INFO - get: Это цифра 4, 02:02:48.220737
2024-11-12 02:02:50,235 - root - INFO - get: Это цифра 5, 02:02:50.235812
2024-11-12 02:02:52,242 - root - INFO - get: Это цифра 6, 02:02:52.242470
2024-11-12 02:02:54,251 - root - INFO - get: Это цифра 7, 02:02:54.251054
2024-11-12 02:02:56,258 - root - INFO - get: Это цифра 8, 02:02:56.258698
2024-11-12 02:02:58,269 - root - INFO - get: Это цифра 9, 02:02:58.268933
2024-11-12 02:03:00,272 - root - INFO - get: Это цифра 10, 02:03:00.272059
2024-11-12 02:03:02,281 - root - INFO - get: Это цифра 11, 02:03:02.281079
2024-11-12 02:03:04,289 - root - INFO - get: Это цифра 12, 02:03:04.289312
2024-11-12 02:03:06,301 - root - INFO - get: Это цифра 13, 02:03:06.301722
2024-11-12 02:03:08,307 - root - INFO - get: Это цифра 14, 02:03:08.307409
2024-11-12 02:03:10,315 - root - INFO - get: Это цифра 15, 02:03:10.315055
2024-11-12 02:03:12,323 - root - INFO - get: Это цифра 16, 02:03:12.323284
2024-11-12 02:03:14,332 - root - INFO - get: Это цифра 17, 02:03:14.332829
2024-11-12 02:03:16,342 - root - INFO - get: Это цифра 18, 02:03:16.342191
2024-11-12 02:03:18,351 - root - INFO - get: Это цифра 19, 02:03:18.351395
2024-11-12 02:03:20,362 - root - INFO - get: Это цифра 20, 02:03:20.362106
2024-11-12 02:03:22,365 - root - INFO - get: Это цифра 21, 02:03:22.365024
2024-11-12 02:03:24,370 - root - INFO - get: Это цифра 22, 02:03:24.370881
2024-11-12 02:03:26,382 - root - INFO - get: Это цифра 23, 02:03:26.382405
2024-11-12 02:03:28,383 - root - INFO - get: Это цифра 24, 02:03:28.383859
2024-11-12 02:03:30,390 - root - INFO - get: Это цифра 25, 02:03:30.390475
2024-11-12 02:03:32,398 - root - INFO - get: Это цифра 26, 02:03:32.398872
2024-11-12 02:03:34,407 - root - INFO - get: Это цифра 27, 02:03:34.407373
2024-11-12 02:03:36,412 - root - INFO - get: Это цифра 28, 02:03:36.411940
2024-11-12 02:03:38,420 - root - INFO - get: Это цифра 29, 02:03:38.420285
2024-11-12 02:03:40,429 - root - INFO - get: Это цифра 30, 02:03:40.429585
2024-11-12 02:03:42,434 - root - INFO - get: Это цифра 31, 02:03:42.434583
2024-11-12 02:03:44,439 - root - INFO - get: Это цифра 32, 02:03:44.439142
2024-11-12 02:03:46,439 - root - INFO - get: Это цифра 33, 02:03:46.439628
2024-11-12 02:03:48,456 - root - INFO - get: Это цифра 34, 02:03:48.455980
2024-11-12 02:03:50,462 - root - INFO - get: Это цифра 35, 02:03:50.462134
2024-11-12 02:03:52,469 - root - INFO - get: Это цифра 36, 02:03:52.469076
2024-11-12 02:03:54,476 - root - INFO - get: Это цифра 37, 02:03:54.476458
2024-11-12 02:03:56,480 - root - INFO - get: Это цифра 38, 02:03:56.480709
2024-11-12 02:03:58,490 - root - INFO - get: Это цифра 39, 02:03:58.490574
2024-11-12 02:04:00,498 - root - INFO - get: Это цифра 40, 02:04:00.498767
2024-11-12 02:04:02,509 - root - INFO - get: Это цифра 41, 02:04:02.509515
2024-11-12 02:04:04,518 - root - INFO - get: Это цифра 42, 02:04:04.518291
2024-11-12 02:04:06,521 - root - INFO - get: Это цифра 43, 02:04:06.520974
2024-11-12 02:04:08,526 - root - INFO - get: Это цифра 44, 02:04:08.526352
2024-11-12 02:04:10,533 - root - INFO - get: Это цифра 45, 02:04:10.533044
2024-11-12 02:04:12,535 - root - INFO - get: Это цифра 46, 02:04:12.535008
2024-11-12 02:04:14,547 - root - INFO - get: Это цифра 47, 02:04:14.547323
2024-11-12 02:04:16,553 - root - INFO - get: Это цифра 48, 02:04:16.553272
2024-11-12 02:04:18,561 - root - INFO - get: Это цифра 49, 02:04:18.561475
2024-11-12 02:04:20,563 - root - INFO - get: Это цифра 50, 02:04:20.563122
2024-11-12 02:04:22,566 - root - INFO - get: Это цифра 51, 02:04:22.566262
2024-11-12 02:04:24,579 - root - INFO - get: Это цифра 52, 02:04:24.579321
2024-11-12 02:04:26,585 - root - INFO - get: Это цифра 53, 02:04:26.585751
2024-11-12 02:04:28,592 - root - INFO - get: Это цифра 54, 02:04:28.591941
2024-11-12 02:04:30,599 - root - INFO - get: Это цифра 55, 02:04:30.598888
2024-11-12 02:04:32,610 - root - INFO - get: Это цифра 56, 02:04:32.610158
2024-11-12 02:04:34,610 - root - INFO - get: Это цифра 57, 02:04:34.610135
2024-11-12 02:04:36,622 - root - INFO - get: Это цифра 58, 02:04:36.622824
2024-11-12 02:04:38,633 - root - INFO - get: Это цифра 59, 02:04:38.632997
2024-11-12 02:04:40,639 - root - INFO - get: Это цифра 60, 02:04:40.639502
2024-11-12 02:04:42,647 - root - INFO - get: Это цифра 61, 02:04:42.647178
2024-11-12 02:04:44,652 - root - INFO - get: Это цифра 62, 02:04:44.652854
2024-11-12 02:04:46,659 - root - INFO - get: Это цифра 63, 02:04:46.659335
2024-11-12 02:04:48,671 - root - INFO - get: Это цифра 64, 02:04:48.671200
2024-11-12 02:04:50,681 - root - INFO - get: Это цифра 65, 02:04:50.681545
2024-11-12 02:04:52,687 - root - INFO - get: Это цифра 66, 02:04:52.687278
2024-11-12 02:04:54,692 - root - INFO - get: Это цифра 67, 02:04:54.692269
2024-11-12 02:04:56,698 - root - INFO - get: Это цифра 68, 02:04:56.698673
2024-11-12 02:04:58,710 - root - INFO - get: Это цифра 69, 02:04:58.709992
2024-11-12 02:05:00,717 - root - INFO - get: Это цифра 70, 02:05:00.717497
2024-11-12 02:05:02,722 - root - INFO - get: Это цифра 71, 02:05:02.722660
2024-11-12 02:05:04,732 - root - INFO - get: Это цифра 72, 02:05:04.732289
2024-11-12 02:05:06,738 - root - INFO - get: Это цифра 73, 02:05:06.738862
2024-11-12 02:05:08,745 - root - INFO - get: Это цифра 74, 02:05:08.745380
2024-11-12 02:05:10,754 - root - INFO - get: Это цифра 75, 02:05:10.754877
2024-11-12 02:05:12,760 - root - INFO - get: Это цифра 76, 02:05:12.760351
2024-11-12 02:05:14,766 - root - INFO - get: Это цифра 77, 02:05:14.766714
2024-11-12 02:05:16,773 - root - INFO - get: Это цифра 78, 02:05:16.773227
2024-11-12 02:05:18,778 - root - INFO - get: Это цифра 79, 02:05:18.778489
2024-11-12 02:05:20,784 - root - INFO - get: Это цифра 80, 02:05:20.784177
2024-11-12 02:05:22,794 - root - INFO - get: Это цифра 81, 02:05:22.794531
2024-11-12 02:05:24,803 - root - INFO - get: Это цифра 82, 02:05:24.803750
2024-11-12 02:05:26,813 - root - INFO - get: Это цифра 83, 02:05:26.813051
2024-11-12 02:05:28,825 - root - INFO - get: Это цифра 84, 02:05:28.825016
2024-11-12 02:05:30,830 - root - INFO - get: Это цифра 85, 02:05:30.829963
2024-11-12 02:05:32,833 - root - INFO - get: Это цифра 86, 02:05:32.833819
