2025-01-12 03:51:16,893 - aiokafka.consumer.subscription_state - INFO - Updating subscribed topics to: frozenset({'my-topic'})
2025-01-12 03:51:16,973 - aiokafka.consumer.group_coordinator - INFO - Discovered coordinator 1 for group my-group-test-1
2025-01-12 03:51:16,973 - aiokafka.consumer.group_coordinator - INFO - Revoking previously assigned partitions set() for group my-group-test-1
2025-01-12 03:51:16,973 - aiokafka.consumer.group_coordinator - INFO - (Re-)joining group my-group-test-1
2025-01-12 03:51:16,991 - aiokafka.consumer.group_coordinator - INFO - Joined group 'my-group-test-1' (generation 13) with member_id aiokafka-0.12.0-b2563333-e016-42fc-b248-042e03d331f3
2025-01-12 03:51:16,991 - aiokafka.consumer.group_coordinator - INFO - Elected group leader -- performing partition assignments using roundrobin
2025-01-12 03:51:17,002 - aiokafka.consumer.group_coordinator - INFO - Successfully synced group my-group-test-1 with generation 13
2025-01-12 03:51:17,002 - aiokafka.consumer.group_coordinator - INFO - Setting newly assigned partitions {TopicPartition(topic='my-topic', partition=0)} for group my-group-test-1
2025-01-12 03:51:17,009 - root - INFO - get: Это цифра 1573, 03:51:17.009391
2025-01-12 03:51:17,009 - root - INFO - get: Это цифра 1574, 03:51:17.009491
2025-01-12 03:51:17,009 - root - INFO - get: Это цифра 1575, 03:51:17.009532
2025-01-12 03:51:17,009 - root - INFO - get: Это цифра 1576, 03:51:17.009564
2025-01-12 03:51:17,009 - root - INFO - get: Это цифра 1577, 03:51:17.009595
2025-01-12 03:51:17,009 - root - INFO - get: Это цифра 1578, 03:51:17.009624
2025-01-12 03:51:17,009 - root - INFO - get: Это цифра 1579, 03:51:17.009651
2025-01-12 03:51:18,441 - root - INFO - get: Это цифра 1580, 03:51:18.440990
2025-01-12 03:51:20,450 - root - INFO - get: Это цифра 1581, 03:51:20.450356
2025-01-12 03:51:22,452 - root - INFO - get: Это цифра 1582, 03:51:22.452798
2025-01-12 03:51:24,461 - root - INFO - get: Это цифра 1583, 03:51:24.461226
2025-01-12 03:51:26,472 - root - INFO - get: Это цифра 1584, 03:51:26.472323
2025-01-12 03:51:28,476 - root - INFO - get: Это цифра 1585, 03:51:28.476021
2025-01-12 03:51:30,482 - root - INFO - get: Это цифра 1586, 03:51:30.482622
2025-01-12 03:51:32,489 - root - INFO - get: Это цифра 1587, 03:51:32.489711
2025-01-12 03:51:34,492 - root - INFO - get: Это цифра 1588, 03:51:34.492334
2025-01-12 03:51:36,497 - root - INFO - get: Это цифра 1589, 03:51:36.497598
2025-01-12 03:51:38,508 - root - INFO - get: Это цифра 1590, 03:51:38.508337
2025-01-12 03:51:40,517 - root - INFO - get: Это цифра 1591, 03:51:40.516676
2025-01-12 03:51:42,518 - root - INFO - get: Это цифра 1592, 03:51:42.518622
2025-01-12 03:51:44,526 - root - INFO - get: Это цифра 1593, 03:51:44.526574
2025-01-12 03:51:46,531 - root - INFO - get: Это цифра 1594, 03:51:46.531432
2025-01-12 03:51:48,540 - root - INFO - get: Это цифра 1595, 03:51:48.540454
2025-01-12 03:51:50,543 - root - INFO - get: Это цифра 1596, 03:51:50.543058
2025-01-12 03:51:52,548 - root - INFO - get: Это цифра 1597, 03:51:52.547935
2025-01-12 03:51:54,555 - root - INFO - get: Это цифра 1598, 03:51:54.555563
2025-01-12 03:51:56,559 - root - INFO - get: Это цифра 1599, 03:51:56.558906
2025-01-12 03:51:58,565 - root - INFO - get: Это цифра 1600, 03:51:58.565278
2025-01-12 03:52:00,572 - root - INFO - get: Это цифра 1601, 03:52:00.572409
2025-01-12 03:52:02,578 - root - INFO - get: Это цифра 1602, 03:52:02.578193
2025-01-12 03:52:04,583 - root - INFO - get: Это цифра 1603, 03:52:04.583257
2025-01-12 03:52:06,589 - root - INFO - get: Это цифра 1604, 03:52:06.589717
2025-01-12 03:52:08,599 - root - INFO - get: Это цифра 1605, 03:52:08.598899
2025-01-12 03:52:10,601 - root - INFO - get: Это цифра 1606, 03:52:10.601480
2025-01-12 03:52:12,607 - root - INFO - get: Это цифра 1607, 03:52:12.607478
2025-01-12 03:52:14,610 - root - INFO - get: Это цифра 1608, 03:52:14.610757
2025-01-12 03:52:16,617 - root - INFO - get: Это цифра 1609, 03:52:16.617277
2025-01-12 03:52:18,622 - root - INFO - get: Это цифра 1610, 03:52:18.622475
2025-01-12 03:52:20,630 - root - INFO - get: Это цифра 1611, 03:52:20.630086
2025-01-12 03:52:22,635 - root - INFO - get: Это цифра 1612, 03:52:22.635380
2025-01-12 03:52:24,641 - root - INFO - get: Это цифра 1613, 03:52:24.641642
2025-01-12 03:52:26,650 - root - INFO - get: Это цифра 1614, 03:52:26.650026
2025-01-12 03:52:28,655 - root - INFO - get: Это цифра 1615, 03:52:28.655843
2025-01-12 03:52:30,657 - root - INFO - get: Это цифра 1616, 03:52:30.657859
2025-01-12 03:52:32,665 - root - INFO - get: Это цифра 1617, 03:52:32.665425
2025-01-12 03:52:34,667 - root - INFO - get: Это цифра 1618, 03:52:34.667559
2025-01-12 03:52:36,668 - root - INFO - get: Это цифра 1619, 03:52:36.668893
2025-01-12 03:52:38,674 - root - INFO - get: Это цифра 1620, 03:52:38.674297
2025-01-12 03:52:40,676 - root - INFO - get: Это цифра 1621, 03:52:40.676548
2025-01-12 03:52:42,686 - root - INFO - get: Это цифра 1622, 03:52:42.685935
2025-01-12 03:52:44,690 - root - INFO - get: Это цифра 1623, 03:52:44.690119
2025-01-12 03:52:46,696 - root - INFO - get: Это цифра 1624, 03:52:46.695931
2025-01-12 03:52:48,704 - root - INFO - get: Это цифра 1625, 03:52:48.704097
2025-01-12 03:52:50,703 - root - INFO - get: Это цифра 1626, 03:52:50.703584
2025-01-12 03:52:52,714 - root - INFO - get: Это цифра 1627, 03:52:52.714642
2025-01-12 03:52:54,720 - root - INFO - get: Это цифра 1628, 03:52:54.720155
2025-01-12 03:52:56,725 - root - INFO - get: Это цифра 1629, 03:52:56.724970
2025-01-12 03:52:58,731 - root - INFO - get: Это цифра 1630, 03:52:58.731725
2025-01-12 03:53:00,735 - root - INFO - get: Это цифра 1631, 03:53:00.735129
2025-01-12 03:53:02,741 - root - INFO - get: Это цифра 1632, 03:53:02.741616
2025-01-12 03:53:04,744 - root - INFO - get: Это цифра 1633, 03:53:04.744555
2025-01-12 03:53:06,751 - root - INFO - get: Это цифра 1634, 03:53:06.751506
2025-01-12 03:53:08,752 - root - INFO - get: Это цифра 1635, 03:53:08.752925
2025-01-12 03:53:10,755 - root - INFO - get: Это цифра 1636, 03:53:10.755563
2025-01-12 03:53:12,760 - root - INFO - get: Это цифра 1637, 03:53:12.760822
2025-01-12 03:53:14,769 - root - INFO - get: Это цифра 1638, 03:53:14.769073
2025-01-12 03:53:16,773 - root - INFO - get: Это цифра 1639, 03:53:16.773428
2025-01-12 03:53:18,780 - root - INFO - get: Это цифра 1640, 03:53:18.780045
2025-01-12 03:53:20,784 - root - INFO - get: Это цифра 1641, 03:53:20.784694
2025-01-12 03:53:22,795 - root - INFO - get: Это цифра 1642, 03:53:22.795526
2025-01-12 03:53:24,804 - root - INFO - get: Это цифра 1643, 03:53:24.804130
2025-01-12 03:53:26,814 - root - INFO - get: Это цифра 1644, 03:53:26.814126
2025-01-12 03:53:28,820 - root - INFO - get: Это цифра 1645, 03:53:28.820324
2025-01-12 03:53:30,823 - root - INFO - get: Это цифра 1646, 03:53:30.822985
2025-01-12 03:53:32,829 - root - INFO - get: Это цифра 1647, 03:53:32.829532
2025-01-12 03:53:34,833 - root - INFO - get: Это цифра 1648, 03:53:34.833269
2025-01-12 03:53:36,834 - root - INFO - get: Это цифра 1649, 03:53:36.834875
2025-01-12 03:53:38,841 - root - INFO - get: Это цифра 1650, 03:53:38.841380
2025-01-12 03:53:40,842 - root - INFO - get: Это цифра 1651, 03:53:40.842564
2025-01-12 03:53:42,851 - root - INFO - get: Это цифра 1652, 03:53:42.851511
2025-01-12 03:53:44,854 - root - INFO - get: Это цифра 1653, 03:53:44.854261
2025-01-12 03:53:46,857 - root - INFO - get: Это цифра 1654, 03:53:46.857859
2025-01-12 03:53:48,864 - root - INFO - get: Это цифра 1655, 03:53:48.864115
2025-01-12 03:53:50,868 - root - INFO - get: Это цифра 1656, 03:53:50.868498
2025-01-12 03:53:52,878 - root - INFO - get: Это цифра 1657, 03:53:52.877999
2025-01-12 03:53:54,882 - root - INFO - get: Это цифра 1658, 03:53:54.882738
2025-01-12 03:53:56,885 - root - INFO - get: Это цифра 1659, 03:53:56.885728
2025-01-12 03:53:58,890 - root - INFO - get: Это цифра 1660, 03:53:58.890096
2025-01-12 03:54:00,900 - root - INFO - get: Это цифра 1661, 03:54:00.900744
2025-01-12 03:54:02,902 - root - INFO - get: Это цифра 1662, 03:54:02.902036
2025-01-12 03:54:04,909 - root - INFO - get: Это цифра 1663, 03:54:04.909059
2025-01-12 03:54:06,918 - root - INFO - get: Это цифра 1664, 03:54:06.918771
2025-01-12 03:54:08,925 - root - INFO - get: Это цифра 1665, 03:54:08.925255
2025-01-12 03:54:10,930 - root - INFO - get: Это цифра 1666, 03:54:10.930408
2025-01-12 03:54:12,935 - root - INFO - get: Это цифра 1667, 03:54:12.935310
2025-01-12 03:54:14,940 - root - INFO - get: Это цифра 1668, 03:54:14.940672
2025-01-12 03:54:16,949 - root - INFO - get: Это цифра 1669, 03:54:16.949271
2025-01-12 03:54:18,957 - root - INFO - get: Это цифра 1670, 03:54:18.957867
2025-01-12 03:54:20,961 - root - INFO - get: Это цифра 1671, 03:54:20.961563
2025-01-12 03:54:22,961 - root - INFO - get: Это цифра 1672, 03:54:22.961358
2025-01-12 03:54:24,970 - root - INFO - get: Это цифра 1673, 03:54:24.969935
2025-01-12 03:54:26,973 - root - INFO - get: Это цифра 1674, 03:54:26.973707
2025-01-12 03:54:28,979 - root - INFO - get: Это цифра 1675, 03:54:28.979377
2025-01-12 03:54:30,985 - root - INFO - get: Это цифра 1676, 03:54:30.984981
2025-01-12 03:54:32,990 - root - INFO - get: Это цифра 1677, 03:54:32.990539
2025-01-12 03:54:34,994 - root - INFO - get: Это цифра 1678, 03:54:34.994868
2025-01-12 03:54:37,004 - root - INFO - get: Это цифра 1679, 03:54:37.003927
2025-01-12 03:54:39,013 - root - INFO - get: Это цифра 1680, 03:54:39.012935
2025-01-12 03:54:41,015 - root - INFO - get: Это цифра 1681, 03:54:41.015167
2025-01-12 03:54:43,023 - root - INFO - get: Это цифра 1682, 03:54:43.022897
2025-01-12 03:54:45,030 - root - INFO - get: Это цифра 1683, 03:54:45.030411
2025-01-12 03:54:47,039 - root - INFO - get: Это цифра 1684, 03:54:47.039427
2025-01-12 03:54:49,046 - root - INFO - get: Это цифра 1685, 03:54:49.046110
2025-01-12 03:54:51,050 - root - INFO - get: Это цифра 1686, 03:54:51.049830
2025-01-12 03:54:53,069 - root - INFO - get: Это цифра 1687, 03:54:53.069235
2025-01-12 03:54:55,079 - root - INFO - get: Это цифра 1688, 03:54:55.079884
2025-01-12 03:54:57,081 - root - INFO - get: Это цифра 1689, 03:54:57.081621
2025-01-12 03:54:59,088 - root - INFO - get: Это цифра 1690, 03:54:59.088596
2025-01-12 03:55:01,094 - root - INFO - get: Это цифра 1691, 03:55:01.094670
2025-01-12 03:55:03,099 - root - INFO - get: Это цифра 1692, 03:55:03.099498
2025-01-12 03:55:05,108 - root - INFO - get: Это цифра 1693, 03:55:05.108716
2025-01-12 03:55:07,168 - root - INFO - get: Это цифра 1694, 03:55:07.168282
2025-01-12 03:55:09,191 - root - INFO - get: Это цифра 1695, 03:55:09.191125
2025-01-12 03:55:11,206 - root - INFO - get: Это цифра 1696, 03:55:11.206792
2025-01-12 03:55:13,209 - root - INFO - get: Это цифра 1697, 03:55:13.209552
2025-01-12 03:55:15,223 - root - INFO - get: Это цифра 1698, 03:55:15.223737
2025-01-12 03:55:17,233 - root - INFO - get: Это цифра 1699, 03:55:17.233085
2025-01-12 03:55:19,242 - root - INFO - get: Это цифра 1700, 03:55:19.241925
2025-01-12 03:55:21,250 - root - INFO - get: Это цифра 1701, 03:55:21.250185
2025-01-12 03:55:23,255 - root - INFO - get: Это цифра 1702, 03:55:23.255886
2025-01-12 03:55:25,262 - root - INFO - get: Это цифра 1703, 03:55:25.262027
2025-01-12 03:55:27,268 - root - INFO - get: Это цифра 1704, 03:55:27.268658
2025-01-12 03:55:29,272 - root - INFO - get: Это цифра 1705, 03:55:29.272357
2025-01-12 03:55:31,279 - root - INFO - get: Это цифра 1706, 03:55:31.278966
2025-01-12 03:55:33,284 - root - INFO - get: Это цифра 1707, 03:55:33.284898
2025-01-12 03:55:35,292 - root - INFO - get: Это цифра 1708, 03:55:35.292682
2025-01-12 03:55:37,293 - root - INFO - get: Это цифра 1709, 03:55:37.293752
2025-01-12 03:55:39,308 - root - INFO - get: Это цифра 1710, 03:55:39.308256
2025-01-12 03:55:41,328 - root - INFO - get: Это цифра 1711, 03:55:41.327945
2025-01-12 03:55:43,337 - root - INFO - get: Это цифра 1712, 03:55:43.337246
2025-01-12 03:55:45,348 - root - INFO - get: Это цифра 1713, 03:55:45.348034
2025-01-12 03:55:47,348 - root - INFO - get: Это цифра 1714, 03:55:47.348186
2025-01-12 03:55:49,353 - root - INFO - get: Это цифра 1715, 03:55:49.353743
2025-01-12 03:55:51,364 - root - INFO - get: Это цифра 1716, 03:55:51.364107
2025-01-12 03:55:53,371 - root - INFO - get: Это цифра 1717, 03:55:53.371628
2025-01-12 03:55:55,384 - root - INFO - get: Это цифра 1718, 03:55:55.384624
2025-01-12 03:55:57,383 - root - INFO - get: Это цифра 1719, 03:55:57.383129
2025-01-12 03:55:59,389 - root - INFO - get: Это цифра 1720, 03:55:59.389683
2025-01-12 03:56:01,393 - root - INFO - get: Это цифра 1721, 03:56:01.393162
2025-01-12 03:56:03,402 - root - INFO - get: Это цифра 1722, 03:56:03.401994
2025-01-12 03:56:05,405 - root - INFO - get: Это цифра 1723, 03:56:05.404905
2025-01-12 03:56:07,405 - root - INFO - get: Это цифра 1724, 03:56:07.405889
2025-01-12 03:56:09,418 - root - INFO - get: Это цифра 1725, 03:56:09.418246
2025-01-12 03:56:11,419 - root - INFO - get: Это цифра 1726, 03:56:11.419800
2025-01-12 03:56:13,426 - root - INFO - get: Это цифра 1727, 03:56:13.426309
2025-01-12 03:56:15,433 - root - INFO - get: Это цифра 1728, 03:56:15.433423
2025-01-12 03:56:17,436 - root - INFO - get: Это цифра 1729, 03:56:17.436461
2025-01-12 03:56:19,441 - root - INFO - get: Это цифра 1730, 03:56:19.441857
2025-01-12 03:56:21,450 - root - INFO - get: Это цифра 1731, 03:56:21.450186
2025-01-12 03:56:23,461 - root - INFO - get: Это цифра 1732, 03:56:23.461071
2025-01-12 03:56:25,464 - root - INFO - get: Это цифра 1733, 03:56:25.464426
2025-01-12 03:56:27,467 - root - INFO - get: Это цифра 1734, 03:56:27.467853
2025-01-12 03:56:29,480 - root - INFO - get: Это цифра 1735, 03:56:29.480212
2025-01-12 03:56:31,483 - root - INFO - get: Это цифра 1736, 03:56:31.482945
2025-01-12 03:56:33,490 - root - INFO - get: Это цифра 1737, 03:56:33.490423
2025-01-12 03:56:35,500 - root - INFO - get: Это цифра 1738, 03:56:35.500346
2025-01-12 03:56:37,504 - root - INFO - get: Это цифра 1739, 03:56:37.504812
2025-01-12 03:56:39,514 - root - INFO - get: Это цифра 1740, 03:56:39.513947
2025-01-12 03:56:41,520 - root - INFO - get: Это цифра 1741, 03:56:41.519891
2025-01-12 03:56:43,527 - root - INFO - get: Это цифра 1742, 03:56:43.527684
2025-01-12 03:56:45,534 - root - INFO - get: Это цифра 1743, 03:56:45.533916
2025-01-12 03:56:47,537 - root - INFO - get: Это цифра 1744, 03:56:47.537458
2025-01-12 03:56:49,542 - root - INFO - get: Это цифра 1745, 03:56:49.542352
2025-01-12 03:56:51,549 - root - INFO - get: Это цифра 1746, 03:56:51.549567
2025-01-12 03:56:53,559 - root - INFO - get: Это цифра 1747, 03:56:53.559509
2025-01-12 03:56:55,564 - root - INFO - get: Это цифра 1748, 03:56:55.564431
2025-01-12 03:56:57,567 - root - INFO - get: Это цифра 1749, 03:56:57.567167
2025-01-12 03:56:59,574 - root - INFO - get: Это цифра 1750, 03:56:59.573917
2025-01-12 03:57:01,578 - root - INFO - get: Это цифра 1751, 03:57:01.578295
2025-01-12 03:57:03,581 - root - INFO - get: Это цифра 1752, 03:57:03.581556
2025-01-12 03:57:05,585 - root - INFO - get: Это цифра 1753, 03:57:05.585907
2025-01-12 03:57:07,593 - root - INFO - get: Это цифра 1754, 03:57:07.593339
2025-01-12 03:57:09,598 - root - INFO - get: Это цифра 1755, 03:57:09.598375
2025-01-12 03:57:11,604 - root - INFO - get: Это цифра 1756, 03:57:11.604360
2025-01-12 03:57:13,606 - root - INFO - get: Это цифра 1757, 03:57:13.606716
2025-01-12 03:57:15,612 - root - INFO - get: Это цифра 1758, 03:57:15.612074
2025-01-12 03:57:17,616 - root - INFO - get: Это цифра 1759, 03:57:17.616051
2025-01-12 03:57:19,620 - root - INFO - get: Это цифра 1760, 03:57:19.619950
2025-01-12 03:57:21,624 - root - INFO - get: Это цифра 1761, 03:57:21.624456
2025-01-12 03:57:23,631 - root - INFO - get: Это цифра 1762, 03:57:23.631489
2025-01-12 03:57:25,633 - root - INFO - get: Это цифра 1763, 03:57:25.633025
2025-01-12 03:57:27,641 - root - INFO - get: Это цифра 1764, 03:57:27.641293
2025-01-12 03:57:29,650 - root - INFO - get: Это цифра 1765, 03:57:29.650587
2025-01-12 03:57:31,656 - root - INFO - get: Это цифра 1766, 03:57:31.656083
2025-01-12 03:57:33,661 - root - INFO - get: Это цифра 1767, 03:57:33.661254
2025-01-12 03:57:35,669 - root - INFO - get: Это цифра 1768, 03:57:35.669877
2025-01-12 03:57:37,675 - root - INFO - get: Это цифра 1769, 03:57:37.674913
2025-01-12 03:57:39,682 - root - INFO - get: Это цифра 1770, 03:57:39.682234
2025-01-12 03:57:41,688 - root - INFO - get: Это цифра 1771, 03:57:41.688772
2025-01-12 03:57:43,696 - root - INFO - get: Это цифра 1772, 03:57:43.695885
2025-01-12 03:57:45,708 - root - INFO - get: Это цифра 1773, 03:57:45.708858
2025-01-12 03:57:47,717 - root - INFO - get: Это цифра 1774, 03:57:47.717690
2025-01-12 03:57:49,722 - root - INFO - get: Это цифра 1775, 03:57:49.722580
2025-01-12 03:57:51,731 - root - INFO - get: Это цифра 1776, 03:57:51.731916
2025-01-12 03:57:53,737 - root - INFO - get: Это цифра 1777, 03:57:53.737146
2025-01-12 03:57:55,744 - root - INFO - get: Это цифра 1778, 03:57:55.744353
2025-01-12 03:57:57,749 - root - INFO - get: Это цифра 1779, 03:57:57.749430
2025-01-12 03:57:59,756 - root - INFO - get: Это цифра 1780, 03:57:59.756379
2025-01-12 03:58:01,760 - root - INFO - get: Это цифра 1781, 03:58:01.760804
2025-01-12 03:58:03,769 - root - INFO - get: Это цифра 1782, 03:58:03.769357
2025-01-12 03:58:05,771 - root - INFO - get: Это цифра 1783, 03:58:05.770915
2025-01-12 03:58:07,779 - root - INFO - get: Это цифра 1784, 03:58:07.779706
2025-01-12 03:58:09,785 - root - INFO - get: Это цифра 1785, 03:58:09.785442
2025-01-12 03:58:11,787 - root - INFO - get: Это цифра 1786, 03:58:11.787588
2025-01-12 03:58:13,792 - root - INFO - get: Это цифра 1787, 03:58:13.792699
2025-01-12 03:58:15,805 - root - INFO - get: Это цифра 1788, 03:58:15.805156
2025-01-12 03:58:17,813 - root - INFO - get: Это цифра 1789, 03:58:17.813479
2025-01-12 03:58:19,816 - root - INFO - get: Это цифра 1790, 03:58:19.816406
2025-01-12 03:58:21,812 - root - INFO - get: Это цифра 1791, 03:58:21.812615
2025-01-12 03:58:23,820 - root - INFO - get: Это цифра 1792, 03:58:23.820016
2025-01-12 03:58:25,824 - root - INFO - get: Это цифра 1793, 03:58:25.824140
2025-01-12 03:58:27,833 - root - INFO - get: Это цифра 1794, 03:58:27.832794
2025-01-12 03:58:29,841 - root - INFO - get: Это цифра 1795, 03:58:29.841553
2025-01-12 03:58:31,846 - root - INFO - get: Это цифра 1796, 03:58:31.846656
2025-01-12 03:58:33,852 - root - INFO - get: Это цифра 1797, 03:58:33.851996
2025-01-12 03:58:35,857 - root - INFO - get: Это цифра 1798, 03:58:35.856849
2025-01-12 03:58:37,864 - root - INFO - get: Это цифра 1799, 03:58:37.864471
2025-01-12 03:58:39,865 - root - INFO - get: Это цифра 1800, 03:58:39.865702
2025-01-12 03:58:41,873 - root - INFO - get: Это цифра 1801, 03:58:41.873204
2025-01-12 03:58:43,877 - root - INFO - get: Это цифра 1802, 03:58:43.877507
2025-01-12 03:58:45,887 - root - INFO - get: Это цифра 1803, 03:58:45.887867
2025-01-12 03:58:47,894 - root - INFO - get: Это цифра 1804, 03:58:47.894146
2025-01-12 03:58:49,898 - root - INFO - get: Это цифра 1805, 03:58:49.898573
2025-01-12 03:58:51,903 - root - INFO - get: Это цифра 1806, 03:58:51.903104
2025-01-12 03:58:53,909 - root - INFO - get: Это цифра 1807, 03:58:53.909106
2025-01-12 03:58:55,918 - root - INFO - get: Это цифра 1808, 03:58:55.918347
2025-01-12 03:58:57,919 - root - INFO - get: Это цифра 1809, 03:58:57.919803
2025-01-12 03:58:59,943 - root - INFO - get: Это цифра 1810, 03:58:59.943727
2025-01-12 03:59:01,941 - root - INFO - get: Это цифра 1811, 03:59:01.941796
2025-01-12 03:59:03,948 - root - INFO - get: Это цифра 1812, 03:59:03.948560
2025-01-12 03:59:05,952 - root - INFO - get: Это цифра 1813, 03:59:05.952340
2025-01-12 03:59:07,957 - root - INFO - get: Это цифра 1814, 03:59:07.957203
2025-01-12 03:59:09,961 - root - INFO - get: Это цифра 1815, 03:59:09.961498
2025-01-12 03:59:11,981 - root - INFO - get: Это цифра 1816, 03:59:11.980174
2025-01-12 03:59:13,985 - root - INFO - get: Это цифра 1817, 03:59:13.985824
2025-01-12 03:59:15,987 - root - INFO - get: Это цифра 1818, 03:59:15.987444
2025-01-12 03:59:17,996 - root - INFO - get: Это цифра 1819, 03:59:17.996429
2025-01-12 03:59:20,001 - root - INFO - get: Это цифра 1820, 03:59:20.001023
2025-01-12 03:59:22,012 - root - INFO - get: Это цифра 1821, 03:59:22.012116
2025-01-12 03:59:24,016 - root - INFO - get: Это цифра 1822, 03:59:24.016342
2025-01-12 03:59:26,020 - root - INFO - get: Это цифра 1823, 03:59:26.020066
